<?xml version="1.0" encoding="UTF-8"?>
<!-- Generated by org.testng.reporters.JUnitXMLReporter -->
<testsuite ignored="0" hostname="DESKTOP-BP7NV3R" failures="0" tests="3" name="Test" time="3.102" errors="0" timestamp="2023-02-20T12:17:18 IST">
  <testcase classname="CRUDWithBDD.GetPerticularProject" name="getOneProject" time="2.283"/>
  <testcase classname="CRUDWithBDD.CreateProject" name="createProject" time="0.619"/>
  <testcase classname="CRUDWithBDD.ReadAllProject" name="ReadAll" time="0.134"/>
</testsuite> <!-- Test -->
